[2016-06-09 16:59:47] __rvm_make
__rvm_make () 
{ 
    \make "$@" || return $?
}
current path: /Users/arnabdey73/.rvm/src/ruby-2.3.0
PATH=/usr/local/opt/pkg-config/bin:/usr/local/opt/libtool/bin:/usr/local/opt/automake/bin:/usr/local/opt/autoconf/bin:/opt/local/bin:/opt/local/sbin:/opt/local/bin:/opt/local/sbin:/usr/local/bin:/usr/bin:/bin:/usr/sbin:/sbin:/Users/arnabdey73/.rvm/bin
command(2): __rvm_make install
++ /scripts/functions/support : __rvm_make()  383 > make install
generating x86_64-darwin15-fake.rb
x86_64-darwin15-fake.rb updated
	CC = gcc
	LD = ld
	LDSHARED = gcc -dynamiclib
	CFLAGS = -O3 -fno-fast-math -ggdb3 -Wall -Wextra -Wno-unused-parameter -Wno-parentheses -Wno-long-long -Wno-missing-field-initializers -Wunused-variable -Wpointer-arith -Wwrite-strings -Wdeclaration-after-statement -Wshorten-64-to-32 -Wimplicit-function-declaration -Wdivision-by-zero -Wdeprecated-declarations -Wextra-tokens   -fno-common -pipe 
	XCFLAGS = -D_FORTIFY_SOURCE=2 -fstack-protector -fno-strict-overflow -fvisibility=hidden -DRUBY_EXPORT
	CPPFLAGS = -I/usr/local/opt/libyaml/include -I/usr/local/opt/readline/include -I/usr/local/opt/libksba/include -I/usr/local/opt/openssl/include -D_XOPEN_SOURCE -D_DARWIN_C_SOURCE -D_DARWIN_UNLIMITED_SELECT -D_REENTRANT   -I. -I.ext/include/x86_64-darwin15 -I./include -I.
	DLDFLAGS = -Wl,-undefined,dynamic_lookup -Wl,-multiply_defined,suppress -L/usr/local/opt/libyaml/lib -L/usr/local/opt/readline/lib -L/usr/local/opt/libksba/lib -L/usr/local/opt/openssl/lib -install_name /Users/arnabdey73/.rvm/rubies/ruby-2.3.0/lib/libruby.2.3.0.dylib -current_version 2.3.0 -compatibility_version 2.3.0  -fstack-protector -Wl,-u,_objc_msgSend -framework CoreFoundation  -fstack-protector -Wl,-u,_objc_msgSend -framework CoreFoundation  
	SOLIBS = -lpthread -ldl -lobjc 
Configured with: --prefix=/Applications/Xcode.app/Contents/Developer/usr --with-gxx-include-dir=/Applications/Xcode.app/Contents/Developer/Platforms/MacOSX.platform/Developer/SDKs/MacOSX10.11.sdk/usr/include/c++/4.2.1
Apple LLVM version 7.3.0 (clang-703.0.31)
Target: x86_64-apple-darwin15.5.0
Thread model: posix
InstalledDir: /Applications/Xcode.app/Contents/Developer/Toolchains/XcodeDefault.xctoolchain/usr/bin
generating enc.mk
making enc
make[1]: Nothing to be done for `enc'.
making srcs under enc
make[1]: Nothing to be done for `srcs'.
generating transdb.h
transdb.h unchanged
making trans
make[1]: Nothing to be done for `./enc/trans'.
making encs
generating makefile exts.mk
Failed to configure gdbm. It will not be installed.
configuring socket
Failed to configure tk. It will not be installed.
Failed to configure tk/tkutil. It will not be installed.
make[2]: Nothing to be done for `all'.
installing default bigdecimal libraries
installing default date_core libraries
installing digest libraries
installing default digest libraries
installing default sha2 libraries
installing default fiddle libraries
make[2]: Nothing to be done for `all'.
installing default console libraries
installing default libraries
installing default nkf libraries
installing default openssl libraries
installing default pathname libraries
installing default psych libraries
installing default pty libraries
installing default ripper libraries
checking ../.././parse.y and ../.././ext/ripper/eventids2.c
linking shared-object socket.bundle
installing default socket libraries
installing default syslog libraries
make[2]: Nothing to be done for `all'.
make[2]: Nothing to be done for `all'.
make[2]: `ruby' is up to date.
./miniruby -I./lib -I. -I.ext/common  ./tool/runruby.rb --extout=.ext  -- --disable-gems -r./x86_64-darwin15-fake ./tool/rbinstall.rb --make="/Applications/Xcode.app/Contents/Developer/usr/bin/make" --dest-dir="" --extout=".ext" --mflags="" --make-flags="" --data-mode=0644 --prog-mode=0755 --installed-list .installed.list --mantype="doc"
installing binary commands:   /Users/arnabdey73/.rvm/rubies/ruby-2.3.0/bin
installing base libraries:    /Users/arnabdey73/.rvm/rubies/ruby-2.3.0/lib
installing arch files:        /Users/arnabdey73/.rvm/rubies/ruby-2.3.0/lib/ruby/2.3.0/x86_64-darwin15
installing pkgconfig data:    /Users/arnabdey73/.rvm/rubies/ruby-2.3.0/lib/pkgconfig
installing command scripts:   /Users/arnabdey73/.rvm/rubies/ruby-2.3.0/bin
installing library scripts:   /Users/arnabdey73/.rvm/rubies/ruby-2.3.0/lib/ruby/2.3.0
installing common headers:    /Users/arnabdey73/.rvm/rubies/ruby-2.3.0/include/ruby-2.3.0
installing manpages:          /Users/arnabdey73/.rvm/rubies/ruby-2.3.0/share/man/man1
installing extension objects: /Users/arnabdey73/.rvm/rubies/ruby-2.3.0/lib/ruby/2.3.0/x86_64-darwin15
installing extension objects: /Users/arnabdey73/.rvm/rubies/ruby-2.3.0/lib/ruby/site_ruby/2.3.0/x86_64-darwin15
installing extension objects: /Users/arnabdey73/.rvm/rubies/ruby-2.3.0/lib/ruby/vendor_ruby/2.3.0/x86_64-darwin15
installing extension headers: /Users/arnabdey73/.rvm/rubies/ruby-2.3.0/include/ruby-2.3.0/x86_64-darwin15
installing extension scripts: /Users/arnabdey73/.rvm/rubies/ruby-2.3.0/lib/ruby/2.3.0
installing extension scripts: /Users/arnabdey73/.rvm/rubies/ruby-2.3.0/lib/ruby/site_ruby/2.3.0
installing extension scripts: /Users/arnabdey73/.rvm/rubies/ruby-2.3.0/lib/ruby/vendor_ruby/2.3.0
installing extension headers: /Users/arnabdey73/.rvm/rubies/ruby-2.3.0/include/ruby-2.3.0/ruby
installing default gems:      /Users/arnabdey73/.rvm/rubies/ruby-2.3.0/lib/ruby/gems/2.3.0 (build_info, cache, doc, extensions, gems, specifications)
                              bigdecimal 1.2.8
                              io-console 0.4.5
                              json 1.8.3
                              psych 2.0.17
                              rdoc 4.2.1
installing bundle gems:       /Users/arnabdey73/.rvm/rubies/ruby-2.3.0/lib/ruby/gems/2.3.0 (build_info, cache, doc, extensions, gems, specifications)
                              did_you_mean 1.0.0
                              minitest 5.8.3
                              net-telnet 0.1.1
                              power_assert 0.2.6
                              rake 10.4.2
                              test-unit 3.1.5
