[2016-06-09 16:57:52] __rvm_make
__rvm_make () 
{ 
    \make "$@" || return $?
}
current path: /Users/arnabdey73/.rvm/src/ruby-2.3.0
PATH=/usr/local/opt/pkg-config/bin:/usr/local/opt/libtool/bin:/usr/local/opt/automake/bin:/usr/local/opt/autoconf/bin:/opt/local/bin:/opt/local/sbin:/opt/local/bin:/opt/local/sbin:/usr/local/bin:/usr/bin:/bin:/usr/sbin:/sbin:/Users/arnabdey73/.rvm/bin
command(2): __rvm_make -j2
++ /scripts/functions/support : __rvm_make()  383 > make -j2
	CC = gcc
	LD = ld
	LDSHARED = gcc -dynamiclib
	CFLAGS = -O3 -fno-fast-math -ggdb3 -Wall -Wextra -Wno-unused-parameter -Wno-parentheses -Wno-long-long -Wno-missing-field-initializers -Wunused-variable -Wpointer-arith -Wwrite-strings -Wdeclaration-after-statement -Wshorten-64-to-32 -Wimplicit-function-declaration -Wdivision-by-zero -Wdeprecated-declarations -Wextra-tokens   -fno-common -pipe 
	XCFLAGS = -D_FORTIFY_SOURCE=2 -fstack-protector -fno-strict-overflow -fvisibility=hidden -DRUBY_EXPORT
	CPPFLAGS = -I/usr/local/opt/libyaml/include -I/usr/local/opt/readline/include -I/usr/local/opt/libksba/include -I/usr/local/opt/openssl/include -D_XOPEN_SOURCE -D_DARWIN_C_SOURCE -D_DARWIN_UNLIMITED_SELECT -D_REENTRANT   -I. -I.ext/include/x86_64-darwin15 -I./include -I.
	DLDFLAGS = -Wl,-undefined,dynamic_lookup -Wl,-multiply_defined,suppress -L/usr/local/opt/libyaml/lib -L/usr/local/opt/readline/lib -L/usr/local/opt/libksba/lib -L/usr/local/opt/openssl/lib -install_name /Users/arnabdey73/.rvm/rubies/ruby-2.3.0/lib/libruby.2.3.0.dylib -current_version 2.3.0 -compatibility_version 2.3.0  -fstack-protector -Wl,-u,_objc_msgSend -framework CoreFoundation  -fstack-protector -Wl,-u,_objc_msgSend -framework CoreFoundation  
	SOLIBS = -lpthread -ldl -lobjc 
Configured with: --prefix=/Applications/Xcode.app/Contents/Developer/usr --with-gxx-include-dir=/Applications/Xcode.app/Contents/Developer/Platforms/MacOSX.platform/Developer/SDKs/MacOSX10.11.sdk/usr/include/c++/4.2.1
Apple LLVM version 7.3.0 (clang-703.0.31)
Target: x86_64-apple-darwin15.5.0
Thread model: posix
InstalledDir: /Applications/Xcode.app/Contents/Developer/Toolchains/XcodeDefault.xctoolchain/usr/bin
compiling main.c
compiling dmydln.c
compiling miniinit.c
compiling dmyext.c
compiling miniprelude.c
translating probes probes.d
compiling bignum.c
. ./vm_opts.h
compiling class.c
compiling compar.c
compiling complex.c
compiling dir.c
compiling dln_find.c
compiling encoding.c
compiling enum.c
compiling enumerator.c
compiling error.c
compiling eval.c
compiling load.c
compiling proc.c
compiling file.c
compiling gc.c
compiling hash.c
compiling inits.c
compiling io.c
compiling marshal.c
compiling math.c
compiling node.c
compiling numeric.c
compiling object.c
compiling pack.c
compiling parse.c
compiling process.c
compiling random.c
compiling range.c
compiling rational.c
compiling re.c
compiling regcomp.c
compiling regenc.c
compiling regerror.c
compiling regexec.c
compiling regparse.c
compiling regsyntax.c
compiling ruby.c
compiling safe.c
compiling signal.c
compiling sprintf.c
compiling st.c
compiling strftime.c
compiling string.c
compiling struct.c
compiling symbol.c
compiling time.c
compiling transcode.c
compiling util.c
compiling variable.c
compiling version.c
compiling compile.c
compiling debug.c
compiling iseq.c
compiling vm.c
compiling vm_dump.c
compiling vm_backtrace.c
compiling vm_trace.c
compiling thread.c
compiling cont.c
compiling ./missing/explicit_bzero.c
compiling ./missing/setproctitle.c
compiling dmyenc.c
compiling dln.c
compiling localeinit.c
config.status: creating ruby-runner.c
compiling prelude.c
compiling array.c
compiling enc/ascii.c
compiling enc/us_ascii.c
compiling enc/unicode.c
compiling enc/utf_8.c
compiling enc/trans/newline.c
linking miniruby
generating encdb.h
rbconfig.rb updated
generating enc.mk
encdb.h updated
creating verconf.h
verconf.h updated
compiling loadpath.c
making srcs under enc
make[1]: Nothing to be done for `srcs'.
generating transdb.h
linking static-library libruby.2.3.0-static.a
transdb.h updated
verifying static-library libruby.2.3.0-static.a
linking shared-library libruby.2.3.0.dylib
making enc
making trans
compiling ./enc/trans/transdb.c
compiling ./enc/encdb.c
compiling ./enc/trans/big5.c
compiling ./enc/big5.c
compiling ./enc/cp949.c
compiling ./enc/emacs_mule.c
compiling ./enc/euc_jp.c
compiling ./enc/euc_kr.c
compiling ./enc/euc_tw.c
compiling ./enc/gb2312.c
compiling ./enc/gb18030.c
compiling ./enc/gbk.c
compiling ./enc/iso_8859_1.c
compiling ./enc/iso_8859_2.c
compiling ./enc/iso_8859_3.c
compiling ./enc/iso_8859_4.c
compiling ./enc/iso_8859_5.c
compiling ./enc/iso_8859_6.c
compiling ./enc/iso_8859_7.c
compiling ./enc/iso_8859_8.c
compiling ./enc/iso_8859_9.c
compiling ./enc/iso_8859_10.c
compiling ./enc/iso_8859_11.c
compiling ./enc/iso_8859_13.c
compiling ./enc/iso_8859_14.c
compiling ./enc/iso_8859_15.c
compiling ./enc/iso_8859_16.c
compiling ./enc/koi8_r.c
compiling ./enc/koi8_u.c
compiling ./enc/shift_jis.c
compiling ./enc/utf_16be.c
compiling ./enc/utf_16le.c
compiling ./enc/utf_32be.c
compiling ./enc/utf_32le.c
compiling ./enc/windows_31j.c
compiling ./enc/windows_1250.c
compiling ./enc/windows_1251.c
compiling ./enc/windows_1252.c
linking encoding encdb.bundle
linking encoding big5.bundle
linking encoding cp949.bundle
linking encoding emacs_mule.bundle
linking encoding euc_jp.bundle
linking encoding euc_kr.bundle
linking encoding euc_tw.bundle
linking encoding gb2312.bundle
linking encoding gb18030.bundle
linking encoding gbk.bundle
linking encoding iso_8859_1.bundle
linking encoding iso_8859_2.bundle
compiling ./enc/trans/chinese.c
linking encoding iso_8859_3.bundle
linking encoding iso_8859_4.bundle
linking encoding iso_8859_5.bundle
linking encoding iso_8859_6.bundle
linking encoding iso_8859_7.bundle
linking encoding iso_8859_8.bundle
linking encoding iso_8859_9.bundle
linking encoding iso_8859_10.bundle
linking encoding iso_8859_11.bundle
linking encoding iso_8859_13.bundle
linking encoding iso_8859_14.bundle
linking encoding iso_8859_15.bundle
linking encoding iso_8859_16.bundle
linking encoding koi8_r.bundle
linking encoding koi8_u.bundle
linking encoding shift_jis.bundle
linking encoding utf_16be.bundle
linking encoding utf_16le.bundle
linking encoding utf_32be.bundle
linking encoding utf_32le.bundle
linking encoding windows_31j.bundle
linking encoding windows_1250.bundle
linking encoding windows_1251.bundle
linking encoding windows_1252.bundle
compiling ./enc/trans/ebcdic.c
compiling ./enc/trans/emoji.c
compiling ./enc/trans/emoji_iso2022_kddi.c
generating makefile exts.mk
configuring -test-/array/resize
configuring -test-/bignum
configuring -test-/bug-3571
configuring -test-/bug-5832
configuring -test-/bug_reporter
configuring -test-/class
configuring -test-/debug
configuring -test-/dln/empty
configuring -test-/exception
configuring -test-/fatal
configuring -test-/file
compiling ./enc/trans/emoji_sjis_docomo.c
configuring -test-/float
configuring -test-/funcall
configuring -test-/gvl/call_without_gvl
configuring -test-/hash
configuring -test-/iseq_load
configuring -test-/iter
configuring -test-/load/dot.dot
configuring -test-/marshal/compat
configuring -test-/marshal/internal_ivar
configuring -test-/marshal/usr
configuring -test-/method
configuring -test-/notimplement
configuring -test-/num2int
configuring -test-/path_to_class
configuring -test-/popen_deadlock
configuring -test-/postponed_job
configuring -test-/printf
configuring -test-/proc
configuring -test-/rational
configuring -test-/recursion
configuring -test-/st/foreach
configuring -test-/st/numhash
configuring -test-/st/update
configuring -test-/string
configuring -test-/struct
configuring -test-/symbol
compiling ./enc/trans/emoji_sjis_kddi.c
configuring -test-/time
configuring -test-/tracepoint
configuring -test-/typeddata
configuring -test-/wait_for_single_fd
configuring bigdecimal
compiling ./enc/trans/emoji_sjis_softbank.c
compiling ./enc/trans/escape.c
compiling ./enc/trans/gb18030.c
configuring cgi/escape
configuring continuation
configuring coverage
configuring date
compiling ./enc/trans/gbk.c
configuring dbm
header: ndbm.h
library: libc
compiling ./enc/trans/iso2022.c
compiling ./enc/trans/japanese.c
compiling ./enc/trans/japanese_euc.c
configuring digest
configuring digest/bubblebabble
configuring digest/md5
configuring digest/rmd160
configuring digest/sha1
compiling ./enc/trans/japanese_sjis.c
configuring digest/sha2
compiling ./enc/trans/korean.c
configuring etc
compiling ./enc/trans/single_byte.c
compiling ./enc/trans/utf8_mac.c
configuring fcntl
configuring fiber
configuring fiddle
compiling ./enc/trans/utf_16_32.c
linking transcoder transdb.bundle
linking transcoder big5.bundle
linking transcoder chinese.bundle
linking transcoder ebcdic.bundle
linking transcoder emoji.bundle
linking transcoder emoji_iso2022_kddi.bundle
linking transcoder emoji_sjis_docomo.bundle
linking transcoder emoji_sjis_kddi.bundle
linking transcoder emoji_sjis_softbank.bundle
linking transcoder escape.bundle
linking transcoder gb18030.bundle
linking transcoder gbk.bundle
linking transcoder iso2022.bundle
linking transcoder japanese.bundle
linking transcoder japanese_euc.bundle
linking transcoder japanese_sjis.bundle
linking transcoder korean.bundle
linking transcoder single_byte.bundle
linking transcoder utf8_mac.bundle
linking transcoder utf_16_32.bundle
making encs
configuring gdbm
Failed to configure gdbm. It will not be installed.
configuring io/console
configuring io/nonblock
configuring io/wait
configuring json
configuring json/generator
configuring json/parser
configuring mathn/complex
configuring mathn/rational
configuring nkf
configuring objspace
configuring openssl
configuring pathname
configuring psych
configuring pty
configuring racc/cparse
configuring rbconfig/sizeof
configuring readline
configuring ripper
configuring sdbm
configuring socket
configuring stringio
configuring strscan
configuring syslog
configuring thread
configuring tk
............
check struct members..
check libraries....
Use ActiveTcl libraries (if available).
Search tclConfig.sh and tkConfig.sh....................................
Fail to find [tclConfig.sh, tkConfig.sh]
Use X11 libraries (or use TK_XINCLUDES/TK_XLIBSW information on tkConfig.sh).
Warning:: cannot find X11 library. tcltklib will not be compiled (tcltklib is disabled on your Ruby. That is, Ruby/Tk will not work). Please check configure options. If your Tcl/Tk don't require X11, please try --without-X11.
Can't find X11 libraries. 
So, can't make tcltklib.so which is required by Ruby/Tk.
Failed to configure tk. It will not be installed.
Failed to configure tk/tkutil. It will not be installed.
configuring zlib
compiling resize.c
compiling big2str.c
linking shared-object -test-/array/resize.bundle
compiling bigzero.c
compiling div.c
compiling bug.c
compiling init.c
linking shared-object -test-/bug-3571/bug.bundle
compiling intpack.c
compiling mul.c
compiling bug.c
compiling str2big.c
linking shared-object -test-/bug-5832/bug.bundle
linking shared-object -test-/bignum.bundle
compiling bug_reporter.c
compiling class2name.c
linking shared-object -test-/bug_reporter/bug_reporter.bundle
compiling init.c
compiling init.c
linking shared-object -test-/class.bundle
compiling inspector.c
compiling profile_frames.c
compiling empty.c
linking shared-object -test-/debug.bundle
linking shared-object -test-/dln/empty.bundle
compiling dataerror.c
compiling enc_raise.c
compiling ensured.c
compiling rb_fatal.c
compiling init.c
linking shared-object -test-/fatal/rb_fatal.bundle
compiling fs.c
linking shared-object -test-/exception.bundle
compiling init.c
compiling init.c
compiling stat.c
compiling nextafter.c
linking shared-object -test-/file.bundle
compiling passing_block.c
linking shared-object -test-/float.bundle
compiling call_without_gvl.c
linking shared-object -test-/funcall/funcall.bundle
compiling delete.c
linking shared-object -test-/gvl/call_without_gvl.bundle
compiling init.c
compiling iseq_load.c
linking shared-object -test-/hash.bundle
compiling break.c
linking shared-object -test-/iseq_load/iseq_load.bundle
compiling dot.dot.c
linking shared-object -test-/load/dot.dot/dot.dot.bundle
compiling init.c
compiling yield.c
compiling usrcompat.c
linking shared-object -test-/iter.bundle
compiling internal_ivar.c
linking shared-object -test-/marshal/compat.bundle
compiling usrmarshal.c
linking shared-object -test-/marshal/internal_ivar.bundle
compiling arity.c
linking shared-object -test-/marshal/usr.bundle
compiling bug.c
compiling init.c
linking shared-object -test-/notimplement.bundle
linking shared-object -test-/method.bundle
compiling num2int.c
compiling path_to_class.c
linking shared-object -test-/num2int/num2int.bundle
linking shared-object -test-/path_to_class/path_to_class.bundle
make[2]: Nothing to be done for `all'.
compiling postponed_job.c
compiling printf.c
linking shared-object -test-/postponed_job.bundle
linking shared-object -test-/printf.bundle
compiling init.c
compiling rat.c
compiling receiver.c
linking shared-object -test-/rational.bundle
compiling super.c
compiling recursion.c
linking shared-object -test-/proc.bundle
linking shared-object -test-/recursion.bundle
compiling foreach.c
compiling numhash.c
linking shared-object -test-/st/numhash.bundle
linking shared-object -test-/st/foreach.bundle
compiling update.c
compiling coderange.c
linking shared-object -test-/st/update.bundle
compiling cstr.c
compiling ellipsize.c
compiling init.c
compiling enc_associate.c
compiling member.c
compiling enc_str_buf_cat.c
linking shared-object -test-/struct.bundle
compiling fstring.c
compiling init.c
compiling init.c
compiling modify.c
compiling type.c
compiling nofree.c
linking shared-object -test-/symbol.bundle
compiling normalize.c
compiling qsort.c
compiling init.c
compiling set_len.c
compiling new.c
linking shared-object -test-/string.bundle
compiling gc_hook.c
linking shared-object -test-/time.bundle
compiling typeddata.c
compiling tracepoint.c
linking shared-object -test-/typeddata/typeddata.bundle
compiling wait_for_single_fd.c
linking shared-object -test-/tracepoint.bundle
compiling bigdecimal.c
linking shared-object -test-/wait_for_single_fd/wait_for_single_fd.bundle
compiling escape.c
linking shared-object cgi/escape.bundle
installing default bigdecimal libraries
compiling continuation.c
linking shared-object continuation.bundle
compiling coverage.c
linking shared-object coverage.bundle
compiling date_core.c
linking shared-object bigdecimal.bundle
compiling dbm.c
linking shared-object dbm.bundle
compiling date_parse.c
compiling digest.c
linking shared-object digest.bundle
installing digest libraries
installing default digest libraries
compiling date_strftime.c
compiling bubblebabble.c
linking shared-object digest/bubblebabble.bundle
compiling date_strptime.c
compiling md5init.c
linking shared-object digest/md5.bundle
installing default date_core libraries
compiling rmd160init.c
linking shared-object digest/rmd160.bundle
compiling sha1init.c
linking shared-object digest/sha1.bundle
compiling sha2init.c
linking shared-object date_core.bundle
generating constant definitions
installing default sha2 libraries
linking shared-object digest/sha2.bundle
compiling fcntl.c
compiling etc.c
linking shared-object fcntl.bundle
compiling fiber.c
linking shared-object fiber.bundle
compiling closure.c
linking shared-object etc.bundle
compiling conversions.c
make[2]: Nothing to be done for `all'.
compiling console.c
compiling fiddle.c
compiling function.c
linking shared-object io/console.bundle
installing default console libraries
compiling nonblock.c
compiling handle.c
linking shared-object io/nonblock.bundle
compiling wait.c
compiling pointer.c
linking shared-object io/wait.bundle
linking shared-object fiddle.bundle
installing default libraries
installing default fiddle libraries
compiling generator.c
compiling parser.c
linking shared-object json/ext/parser.bundle
compiling complex.c
linking shared-object json/ext/generator.bundle
linking shared-object mathn/complex.bundle
compiling rational.c
compiling nkf.c
linking shared-object mathn/rational.bundle
compiling object_tracing.c
compiling objspace.c
compiling objspace_dump.c
linking shared-object objspace.bundle
installing default nkf libraries
compiling openssl_missing.c
compiling ossl.c
compiling ossl_asn1.c
compiling ossl_bio.c
compiling ossl_bn.c
linking shared-object nkf.bundle
compiling ossl_cipher.c
compiling pathname.c
compiling ossl_config.c
compiling ossl_digest.c
installing default pathname libraries
linking shared-object pathname.bundle
compiling ossl_engine.c
compiling psych.c
compiling psych_emitter.c
compiling ossl_hmac.c
compiling psych_parser.c
compiling ossl_ns_spki.c
compiling psych_to_ruby.c
compiling ossl_ocsp.c
compiling psych_yaml_tree.c
linking shared-object psych.bundle
installing default psych libraries
compiling ossl_pkcs12.c
compiling pty.c
compiling ossl_pkcs5.c
installing default pty libraries
linking shared-object pty.bundle
compiling ossl_pkcs7.c
compiling ossl_pkey.c
compiling cparse.c
compiling ossl_pkey_dh.c
linking shared-object racc/cparse.bundle
compiling ossl_pkey_dsa.c
compiling ossl_pkey_ec.c
compiling ossl_pkey_rsa.c
compiling ossl_rand.c
compiling ossl_ssl.c
compiling sizes.c
linking shared-object rbconfig/sizeof.bundle
compiling ossl_ssl_session.c
compiling readline.c
compiling ossl_x509.c
compiling ossl_x509attr.c
linking shared-object readline.bundle
compiling ossl_x509cert.c
compiling ripper.c
compiling ossl_x509crl.c
compiling ossl_x509ext.c
compiling ossl_x509name.c
compiling ossl_x509req.c
compiling ossl_x509revoked.c
compiling ossl_x509store.c
linking shared-object openssl.bundle
installing default openssl libraries
compiling _sdbm.c
compiling init.c
linking shared-object sdbm.bundle
generating constant definitions
generating constant definitions
compiling basicsocket.c
compiling socket.c
compiling ipsocket.c
compiling tcpsocket.c
compiling tcpserver.c
compiling sockssocket.c
compiling udpsocket.c
compiling unixsocket.c
compiling unixserver.c
compiling option.c
compiling ancdata.c
compiling raddrinfo.c
compiling ifaddr.c
installing default socket libraries
compiling init.c
compiling constants.c
checking ../.././parse.y and ../.././ext/ripper/eventids2.c
linking shared-object ripper.bundle
installing default ripper libraries
compiling stringio.c
linking shared-object socket.bundle
compiling strscan.c
linking shared-object stringio.bundle
linking shared-object strscan.bundle
compiling syslog.c
compiling thread.c
linking shared-object thread.bundle
make[2]: Nothing to be done for `all'.
make[2]: Nothing to be done for `all'.
installing default syslog libraries
compiling zlib.c
linking shared-object syslog.bundle
linking shared-object zlib.bundle
linking shared-library libruby.2.3.0.dylib
linking ruby
