[2016-06-09 19:42:48] __rvm_set_executable
__rvm_set_executable () 
{ 
    for __file in "$@";
    do
        [[ -x "${__file}" ]] || chmod +x "${__file}";
    done
}
current path: /Users/arnabdey73/.rvm/src/ruby-1.9.3-p551
GEM_HOME=/Users/arnabdey73/.rvm/gems/ruby-2.3.0
PATH=/usr/local/opt/gcc49/bin:/usr/local/opt/pkg-config/bin:/usr/local/opt/libtool/bin:/usr/local/opt/automake/bin:/usr/local/opt/autoconf/bin:/Users/arnabdey73/.rvm/gems/ruby-2.3.0/bin:/Users/arnabdey73/.rvm/gems/ruby-2.3.0@global/bin:/Users/arnabdey73/.rvm/rubies/ruby-2.3.0/bin:/opt/local/bin:/opt/local/sbin:/opt/local/bin:/opt/local/sbin:/usr/local/bin:/usr/bin:/bin:/usr/sbin:/sbin:/Users/arnabdey73/.rvm/bin
GEM_PATH=/Users/arnabdey73/.rvm/gems/ruby-2.3.0:/Users/arnabdey73/.rvm/gems/ruby-2.3.0@global
command(9): __rvm_set_executable /Users/arnabdey73/.rvm/rubies/ruby-1.9.3-p551/bin/erb /Users/arnabdey73/.rvm/rubies/ruby-1.9.3-p551/bin/gem /Users/arnabdey73/.rvm/rubies/ruby-1.9.3-p551/bin/irb /Users/arnabdey73/.rvm/rubies/ruby-1.9.3-p551/bin/rake /Users/arnabdey73/.rvm/rubies/ruby-1.9.3-p551/bin/rdoc /Users/arnabdey73/.rvm/rubies/ruby-1.9.3-p551/bin/ri /Users/arnabdey73/.rvm/rubies/ruby-1.9.3-p551/bin/ruby /Users/arnabdey73/.rvm/rubies/ruby-1.9.3-p551/bin/testrb
++ for __file in '"$@"'
++ [[ -x /Users/arnabdey73/.rvm/rubies/ruby-1.9.3-p551/bin/erb ]]
++ for __file in '"$@"'
++ [[ -x /Users/arnabdey73/.rvm/rubies/ruby-1.9.3-p551/bin/gem ]]
++ for __file in '"$@"'
++ [[ -x /Users/arnabdey73/.rvm/rubies/ruby-1.9.3-p551/bin/irb ]]
++ for __file in '"$@"'
++ [[ -x /Users/arnabdey73/.rvm/rubies/ruby-1.9.3-p551/bin/rake ]]
++ for __file in '"$@"'
++ [[ -x /Users/arnabdey73/.rvm/rubies/ruby-1.9.3-p551/bin/rdoc ]]
++ for __file in '"$@"'
++ [[ -x /Users/arnabdey73/.rvm/rubies/ruby-1.9.3-p551/bin/ri ]]
++ for __file in '"$@"'
++ [[ -x /Users/arnabdey73/.rvm/rubies/ruby-1.9.3-p551/bin/ruby ]]
++ for __file in '"$@"'
++ [[ -x /Users/arnabdey73/.rvm/rubies/ruby-1.9.3-p551/bin/testrb ]]
