[2016-06-09 19:42:59] __rvm_package_extract
__rvm_package_extract () 
{ 
    rvm_debug __rvm_package_extract:$#: "$@";
    \typeset __tempdir __path __file __return;
    __return=0;
    __tempdir="$( TMPDIR="${rvm_tmp_path}" mktemp -d -t rvm-tmp.XXXXXXXXX )";
    __rvm_package_extract_run "$1" "$__tempdir" || __return=$?;
    if (( __return == 0 )); then
        for __path in "$__tempdir"/*;
        do
            __file="${__path##*/}";
            if [[ -n "${__file}" && -e "$2/${__file}" ]]; then
                \command \rm -rf "$2/${__file}" || __return=$?;
            fi;
            \command \mv -f "${__path}" "$2/" || __return=$?;
        done;
    fi;
    if [[ -n "$__tempdir" ]]; then
        \command \rm -rf "$__tempdir";
    fi;
    return $__return
}
current path: /Users/arnabdey73/.rvm/src/ruby-1.9.3-p551
GEM_HOME=/Users/arnabdey73/.rvm/gems/ruby-2.3.0
PATH=/usr/local/opt/gcc49/bin:/usr/local/opt/pkg-config/bin:/usr/local/opt/libtool/bin:/usr/local/opt/automake/bin:/usr/local/opt/autoconf/bin:/Users/arnabdey73/.rvm/gems/ruby-2.3.0/bin:/Users/arnabdey73/.rvm/gems/ruby-2.3.0@global/bin:/Users/arnabdey73/.rvm/rubies/ruby-2.3.0/bin:/opt/local/bin:/opt/local/sbin:/opt/local/bin:/opt/local/sbin:/usr/local/bin:/usr/bin:/bin:/usr/sbin:/sbin:/Users/arnabdey73/.rvm/bin
GEM_PATH=/Users/arnabdey73/.rvm/gems/ruby-2.3.0:/Users/arnabdey73/.rvm/gems/ruby-2.3.0@global
command(3): __rvm_package_extract /Users/arnabdey73/.rvm/archives/rubygems-2.4.8.tgz /Users/arnabdey73/.rvm/src
++ rvm_debug __rvm_package_extract:2: /Users/arnabdey73/.rvm/archives/rubygems-2.4.8.tgz /Users/arnabdey73/.rvm/src
++ ((  0  ))
++ return 0
++ typeset __tempdir __path __file __return
++ __return=0
+++ TMPDIR=/Users/arnabdey73/.rvm/tmp
+++ mktemp -d -t rvm-tmp.XXXXXXXXX
++ __tempdir=/var/folders/r_/ww0_qwq50r37md6b_11ldzv40000gn/T/rvm-tmp.XXXXXXXXX.MaJKLVry
++ __rvm_package_extract_run /Users/arnabdey73/.rvm/archives/rubygems-2.4.8.tgz /var/folders/r_/ww0_qwq50r37md6b_11ldzv40000gn/T/rvm-tmp.XXXXXXXXX.MaJKLVry
++ [[    != *\ \-\-\n\o\-\s\a\m\e\-\o\w\n\e\r\ * ]]
++ __rvm_tar --help
++ __rvm_grep -- --no-same-owner
++ GREP_OPTIONS=
++ command grep -- --no-same-owner
++ grep -- --no-same-owner
++ return 1
++ [[ -d /var/folders/r_/ww0_qwq50r37md6b_11ldzv40000gn/T/rvm-tmp.XXXXXXXXX.MaJKLVry ]]
++ case "$1" in
++ [[ -n '' ]]
++ __rvm_tar xzf /Users/arnabdey73/.rvm/archives/rubygems-2.4.8.tgz -C /var/folders/r_/ww0_qwq50r37md6b_11ldzv40000gn/T/rvm-tmp.XXXXXXXXX.MaJKLVry
++ tar xzf /Users/arnabdey73/.rvm/archives/rubygems-2.4.8.tgz -C /var/folders/r_/ww0_qwq50r37md6b_11ldzv40000gn/T/rvm-tmp.XXXXXXXXX.MaJKLVry
++ __rvm_fix_group_permissions /var/folders/r_/ww0_qwq50r37md6b_11ldzv40000gn/T/rvm-tmp.XXXXXXXXX.MaJKLVry/rubygems-2.4.8
++ umask -S
++ __rvm_grep g=rw
++ GREP_OPTIONS=
++ command grep g=rw
++ grep g=rw
++ return 1
++ ((  __return == 0  ))
++ for __path in '"$__tempdir"/*'
++ __file=rubygems-2.4.8
++ [[ -n rubygems-2.4.8 ]]
++ [[ -e /Users/arnabdey73/.rvm/src/rubygems-2.4.8 ]]
++ command mv -f /var/folders/r_/ww0_qwq50r37md6b_11ldzv40000gn/T/rvm-tmp.XXXXXXXXX.MaJKLVry/rubygems-2.4.8 /Users/arnabdey73/.rvm/src/
++ mv -f /var/folders/r_/ww0_qwq50r37md6b_11ldzv40000gn/T/rvm-tmp.XXXXXXXXX.MaJKLVry/rubygems-2.4.8 /Users/arnabdey73/.rvm/src/
++ [[ -n /var/folders/r_/ww0_qwq50r37md6b_11ldzv40000gn/T/rvm-tmp.XXXXXXXXX.MaJKLVry ]]
++ command rm -rf /var/folders/r_/ww0_qwq50r37md6b_11ldzv40000gn/T/rvm-tmp.XXXXXXXXX.MaJKLVry
++ rm -rf /var/folders/r_/ww0_qwq50r37md6b_11ldzv40000gn/T/rvm-tmp.XXXXXXXXX.MaJKLVry
++ return 0
